         w __deregister_frame_info
         w __register_frame_info
         w userAppExit
         w userAppInit
00000000 00000802 B __ctru_dev_utf16_buf
00000000 b _TLS_MODULE_BASE_
00000000 a shift
00000000 a shift
00000804 00000401 B __ctru_dev_path_buf
00100000 A __start__
00100000 T _start
00100008 T __service_ptr
0010000c T __apt_appid
00100010 T __heap_size
00100014 T __linear_heap_size
00100018 T __system_arglist
0010001c T __system_runflags
00100020 t startup
00100058 t ClearMem
0010006c t ClrLoop
00100094 T _init
001000ac T __aeabi_idiv
001000ac 00000220 T __divsi3
001000b4 t .divsi3_skip_div0_test
001002cc 00000020 T __aeabi_idivmod
001002ec 00000004 W __aeabi_idiv0
001002ec 00000004 W __aeabi_ldiv0
001002f0 T __aeabi_uldivmod
00100348 00000390 T strcmp
001006d0 t .udivsi3_skip_div0_test
001006d0 T __aeabi_uidiv
001006d0 000001ec T __udivsi3
001008bc 00000020 T __aeabi_uidivmod
001008dc t __do_global_dtors_aux
0010091c t frame_dummy
00100948 00000020 T cleanup
00100968 0000001c T flush_buffers
00100984 00000020 T initialize_gfx
001009a4 00000050 T end_diag
001009f4 000001ac T process_file
00100ba0 00000234 T main
00100dd4 0000051c t consoleHandleColorEsc
001012f0 000000b8 t consoleColorStateShift
001013a8 000001ac T consoleDrawChar
00101554 00000124 T consolePrintChar
00101678 000006f4 T con_write
00101d6c 000000fc t newRow
00101e68 0000018c T consoleInit
00101ff4 000000b8 T consoleClear
001020ac 000000d0 t gfxPresentFramebuffer
0010217c 0000001c T gfxIsWide
00102198 000000ec T gfxSetScreenFormat
00102284 00000010 T gfxSetDoubleBuffering
00102294 000000e0 T gfxInit
00102374 00000010 T gfxInitDefault
00102384 000000b4 T gfxExit
00102438 000000a0 T gfxGetFramebuffer
001024d8 00000104 T gfxFlushBuffers
001025dc 00000050 T gfxSwapBuffers
0010262c 00000050 T gfxSwapBuffersGpu
0010267c 0000012c T srvInit
001027a8 00000058 T srvExit
00102800 00000060 T srvEnableNotification
00102860 000000a0 T srvGetServiceHandleDirect
00102900 00000038 T srvGetServiceHandle
00102938 00000034 T srvSubscribe
0010296c 00000060 T srvReceiveNotification
001029cc 00000038 T srvPublishToSubscriber
00102a04 000001ac t aptConvertScreenForCapture
00102bb0 00000008 W aptDspSleep
00102bb8 00000004 W aptDspWakeup
00102bbc 00000004 W aptDspCancel
00102bc0 00000158 T aptSendCommand
00102d18 00000044 t aptExitProcess
00102d5c 0000038c T aptExit
001030e8 000000e0 T aptHandleSleep
001031c8 00000084 T APT_SleepIfShellClosed
0010324c 00000084 T aptSetSleepAllowed
001032d0 00000084 T APT_UnlockTransition
00103358 000004a4 t aptEventHandler
001037fc 000000b0 T APT_ReceiveParameter
001038ac 000000ac t aptReceiveParameter.constprop.0
00103958 000002ac t aptScreenTransfer
00103c04 00000320 t aptWaitForWakeUp.isra.0
00103f24 000000f8 T aptJumpToHomeMenu
0010401c 00000048 T aptMainLoop
00104064 0000022c T aptInit
00104290 0000007c T APT_CheckNew3DS
0010430c 0000003c T cfguExit
00104348 00000c64 t gspHardwareInit
00104fac 00000248 T gspInit
001051f4 000000f0 T gspExit
001052e4 00000010 T gspHasGpuRight
001052f4 000000a0 T gspPresentBuffer
00105394 00000044 T gspWaitForEvent
001053d8 00000004 W gxCmdQueueInterrupt
001053dc 00000158 t gspEventThreadMain
00105534 00000050 T GSPGPU_FlushDataCache
00105584 00000034 T GSPGPU_SetLcdForceBlack
001055b8 00000068 T GSPGPU_AcquireRight
00105620 00000048 T GSPGPU_ReleaseRight
00105668 0000007c T GSPGPU_ImportDisplayCaptureInfo
001056e4 0000002c T GSPGPU_SaveVramSysArea
00105710 0000002c T GSPGPU_RestoreVramSysArea
0010573c 00000024 W hidShouldUseIrrst
00105760 0000018c T hidInit
001058ec 000000e8 T hidExit
001059d4 000002a4 T hidScanInput
00105c78 00000010 T hidKeysDown
00105c88 00000160 T irrstInit
00105de8 000000cc T irrstExit
00105eb4 000000b4 T irrstScanInput
00105f68 00000024 T irrstKeysHeld
00105f8c 0000000c T srvPmGetSessionHandle
00105f98 00000088 T socExit
00106020 00000038 W __libctru_init
00106058 00000170 W __system_initArgv
001061c8 00000030 T __syscall_getreent
001061f8 00000004 T __syscall_lock_acquire
001061fc 00000004 T __syscall_lock_release
00106200 00000004 T __syscall_lock_acquire_recursive
00106204 00000004 T __syscall_lock_release_recursive
00106208 00000004 T __syscall_exit
0010620c 00000050 T initThreadVars
0010625c 00000080 T __system_initSyscalls
001062dc T svcControlMemory
001062fc T svcQueryMemory
0010632c T svcExitProcess
00106334 T svcCreateThread
00106354 T svcExitThread
0010635c T svcSleepThread
00106364 T svcReleaseMutex
0010636c T svcCreateEvent
00106380 T svcSignalEvent
00106388 T svcClearEvent
00106390 T svcMapMemoryBlock
00106398 T svcUnmapMemoryBlock
001063a0 T svcCreateAddressArbiter
001063b4 T svcArbitrateAddressNoTimeout
001063bc T svcCloseHandle
001063c4 T svcWaitSynchronization
001063cc T svcWaitSynchronizationN
001063f4 T svcDuplicateHandle
00106408 T svcConnectToPort
0010641c T svcSendSyncRequest
00106424 T svcGetResourceLimit
00106438 T svcGetResourceLimitLimitValues
00106440 T svcGetResourceLimitCurrentValues
00106448 T svcBreak
00106450 W initSystem
001064a0 W __ctru_exit
001064b4 00000024 t addrMapNodeComparator(rbtree_node const*, rbtree_node const*)
001064d8 00000004 t addrMapNodeDestructor(rbtree_node*)
001064dc 00000120 T linearMemAlign
001065fc 00000008 T linearAlloc
00106604 0000005c T linearFree
00106660 00000080 T MemPool::CoalesceRight(MemBlock*)
001066e0 0000016c T MemPool::Allocate(MemChunk&, unsigned long, int)
0010684c 000000fc T MemPool::Deallocate(MemChunk const&)
00106948 00000030 T MemPool::GetFreeSpace()
00106978 00000024 t addrMapNodeComparator(rbtree_node const*, rbtree_node const*)
0010699c 00000004 t addrMapNodeDestructor(rbtree_node*)
001069a0 0000024c T vramMemAlignAt
00106bec 0000000c T vramAlloc
00106bf8 00000090 T vramFree
00106c88 00000084 W envGetHandle
00106d0c 00000050 W envDestroyHandles
00106d5c 00000034 T __ctru_speedup_config
00106d90 0000000c T __sync_init
00106d9c 00000018 T __sync_fini
00106db4 0000002c T syncArbitrateAddress
00106de0 000000ac T LightLock_Lock
00106e8c 00000040 T LightLock_Unlock
00106ecc 00000030 T RecursiveLock_Lock
00106efc 00000054 T RecursiveLock_Unlock
00106f50 00000040 T LightEvent_Init
00106f90 000000a4 T LightEvent_Clear
00107034 000000c8 T LightEvent_Signal
001070fc 00000050 T LightEvent_TryWait
0010714c 000000a0 T LightEvent_Wait
001071ec 000001d8 T threadCreate
001073c4 0000002c T threadFree
001073f0 00000024 T threadJoin
00107414 00000030 T threadGetCurrent
00107444 00000040 T threadExit
00107484 00000020 t _thread_begin
001074a4 000000b4 t mappableFindAddressWithin
00107558 00000028 T mappableInit
00107580 00000080 T mappableAlloc
00107600 00000004 T mappableFree
00107604 00000074 T ptmSysmInit
00107678 0000003c T ptmSysmExit
001076b4 00000034 T PTMSYSM_ConfigureNew3DSCPU
001076e8 00000074 T rbtree_find
0010775c 00000010 T rbtree_init
0010776c 000001b0 t do_insert
0010791c 00000008 T rbtree_insert
00107924 00000318 T rbtree_remove
00107c3c 00000090 T rbtree_rotate
00107cd0 000001e0 W __system_allocateHeaps
00107eb0 00000030 W __appExit
00107ee0 00000030 W __appInit
00107f10 00000090 W __libctru_exit
00107fa0 00000014 t archive_link
00107fb4 00000014 t archive_dirreset
00107fc8 00000014 t archive_chmod
00107fdc 00000024 t error_cmp
00108000 00000050 t archive_translate_error
00108050 000000c8 t archive_seek
00108118 0000007c t _archiveInit.part.0
00108194 000000c4 t archiveFindDevice.part.0
00108258 00000280 t archive_utf16path
001084d8 0000009c t _archiveUnmountDeviceStruct.part.0
00108574 00000014 t archive_fchmod
00108588 00000014 t archive_statvfs
0010859c 00000164 t _archiveMountDevice
00108700 000000e8 t archive_diropen
001087e8 000000a4 t archive_fstat
0010888c 0000006c t archive_fsync
001088f8 0000006c t archive_close
00108964 00000070 t archive_dirclose
001089d4 000000e8 t sdmc_statvfs
00108abc 000000ec t archive_chdir
00108ba8 0000007c t archive_ftruncate
00108c24 000000ac t archive_read
00108cd0 000000a4 t archive_unlink
00108d74 000000bc t archive_rmdir
00108e30 000000dc t archive_mkdir
00108f0c 00000194 t archive_stat
001090a0 00000160 t archive_dirnext
00109200 00000124 t archive_write
00109324 0000020c t archive_open
00109530 00000278 t archive_rename
001097a8 0000019c T archiveMountSdmc
00109944 00000054 T archiveUnmountAll
00109998 000000cc T fsInit
00109a64 0000003c T fsExit
00109aa0 00000060 T fsExemptFromSession
00109b00 00000050 T fsUnexemptFromSession
00109b50 000000cc T FSUSER_OpenFile
00109c1c 000000bc T FSUSER_DeleteFile
00109cd8 000000f8 T FSUSER_RenameFile
00109dd0 000000bc T FSUSER_DeleteDirectory
00109e8c 000000d4 T FSUSER_CreateFile
00109f60 000000c4 T FSUSER_CreateDirectory
0010a024 000000f8 T FSUSER_RenameDirectory
0010a11c 000000b4 T FSUSER_OpenDirectory
0010a1d0 00000094 T FSUSER_OpenArchive
0010a264 0000008c T FSUSER_CloseArchive
0010a2f0 00000074 T FSUSER_GetSdmcArchiveResource
0010a364 00000064 T FSUSER_IsSdmcWritable
0010a3c8 00000058 T FSFILE_Read
0010a420 00000060 T FSFILE_Write
0010a480 00000038 T FSFILE_GetSize
0010a4b8 00000028 T FSFILE_SetSize
0010a4e0 0000003c T FSFILE_Close
0010a51c 00000024 T FSFILE_Flush
0010a540 00000050 T FSDIR_Read
0010a590 0000003c T FSDIR_Close
0010a5cc 0000005c T rbtree_node_next
0010a628 0000013c T decode_utf8
0010a764 000000e8 T utf16_to_utf8
0010a84c 000000c0 T utf8_to_utf16
0010a90c T __aeabi_read_tp
0010a918 00000064 T decode_utf16
0010a97c 00000054 T encode_utf16
0010a9d0 000000e0 T encode_utf8
0010aab0 00000120 T __udivmoddi4
0010abd0 000001e0 T _perror_r
0010adb0 00000018 T perror
0010adc8 00000034 T printf
0010adfc 00000020 T memalign
0010ae1c 0000014c T _memalign_r
0010af68 0000001c T putchar
0010af84 00000014 T atexit
0010af98 000000cc T snprintf
0010b064 000000e0 T _puts_r
0010b144 00000018 T puts
0010b15c 00000078 T bsearch
0010b1d4 0000025c T setvbuf
0010b430 00000030 T exit
0010b460 000000f8 T _malloc_trim_r
0010b558 000002e8 T _free_r
0010b840 00000148 T _fclose_r
0010b988 00000018 T fclose
0010b9a0 0000064c t get_arg
0010bff0 00003324 T _svfprintf_r
0010f314 00000018 T malloc
0010f32c 00000018 T free
0010f344 0000079c T _malloc_r
0010fae0 000000f4 T memset
0010fbd4 0000000c T __malloc_lock
0010fbe0 0000000c T __malloc_unlock
0010fbec 0000064c t get_arg
00110238 00003378 T _vfprintf_r
001135b0 000000b8 t __sbprintf
00113668 00000090 T strlen
001136f8 0000012c T _fopen_r
00113824 00000020 T fopen
00113844 0000022c T __sflush_r
00113a70 00000094 T _fflush_r
00113b04 0000003c T fflush
00113b40 0000002c T ftell
00113b6c 000000e4 T strncat
00113c50 0000063c T _strerror_r
0011428c 000004b4 T __sfvwrite_r
00114740 000000e4 T strncmp
00114824 00000070 T _fwalk_sglue
00114894 00000344 T _fread_r
00114bd8 00000038 T fread
00114c10 000000b4 T fileno
00114cc4 000004a0 T _realloc_r
00115164 000000c4 T strncpy
00115228 000000f0 T _fwrite_r
00115318 00000038 T fwrite
00115350 0000001c t stdio_exit_handler
0011536c 0000005c t cleanup_stdio
001153c8 00000154 t global_stdio_init.part.0
0011551c 00000134 T __sfp
00115650 0000005c T __sinit
001156ac 0000000c T __sfp_lock_acquire
001156b8 0000000c T __sfp_lock_release
001156c4 00000048 T strnlen
0011570c 0000001c T _fseek_r
00115728 00000034 T fseek
0011575c 00000008 T _user_strerror
00115764 000001d8 t _strtoul_l.isra.0
0011593c 00000034 T strtoul
00115970 00000024 T __locale_mb_cur_max
00115994 00000128 t critical_factorization
00115abc 00000364 t two_way_long_needle
00115e20 00000248 T strstr
00116068 00000024 T _localeconv_r
0011608c 000000e0 T memchr
0011616c 000000f0 T __utf8_wctomb
0011625c 0000011c T memcpy
00116378 00000084 T __libc_init_array
001163fc 0000000c T __errno
00116408 00000020 T stat
00116428 00000088 T frexp
001164b0 0000012c T __smakebuf_r
001165dc 0000008c T __swhatbuf_r
00116668 000000a0 T _wcrtomb_r
00116708 00000028 T _wcsrtombs_r
00116730 000000b0 T __register_exitproc
001167e0 000000dc T _putc_r
001168bc 0000012c T __call_exitprocs
001169e8 00000038 t lflush
00116a20 0000019c T __srefill_r
00116bbc 00000044 T __sread
00116c00 00000068 T __swrite
00116c68 00000044 T __sseek
00116cac 00000008 T __sclose
00116cb4 0000064c t get_arg
00117300 00000030 T __sprint_r
00117330 00002304 T _vfiprintf_r
00119634 000000b8 t __sbprintf
001196ec 0000018c T __ssprint_r
00119878 00000108 T __swbuf_r
00119980 00000138 T __swsetup_r
00119ab8 000001b4 t quorem
00119c70 00001218 T _dtoa_r
0011ae88 00000130 T strchr
0011afb8 000000d8 T memcmp
0011b090 00000150 T memmove
0011b1e0 00000590 T _fseeko_r
0011b770 000001b4 T _ftello_r
0011b924 000000b4 T __sflags
0011b9d8 00000088 T _Balloc
0011ba60 0000001c T _Bfree
0011ba7c 000000f4 T __multadd
0011bb70 00000060 T __hi0bits
0011bbd0 0000009c T __lo0bits
0011bc6c 000000a4 T __i2b
0011bd10 00000204 T __multiply
0011bf14 00000128 T __pow5mult
0011c03c 00000140 T __lshift
0011c17c 00000058 T __mcmp
0011c1d4 000001fc T __mdiff
0011c3d0 00000124 T __d2b
0011c4f4 000002f8 T __utf8_mbtowc
0011c7ec 00000188 T _wcsnrtombs_l
0011c974 00000064 T _wcsnrtombs_r
0011c9d8 000000c0 T _calloc_r
0011ca98 0000005c T __assert_func
0011caf4 0000003c T fiprintf
0011cb30 00000014 T abort
0011cb44 00000090 T _raise_r
0011cbd4 00000018 T raise
0011cbec 00000020 T _exit
0011cc0c 0000013c T chdir
0011cd48 000001cc T _concatenate_path
0011cf14 00000068 t __dirnext
0011cf7c 000000f4 T opendir
0011d070 00000090 T closedir
0011d100 000000c4 T readdir
0011d1c4 00000078 T _fstat_r
0011d23c 00000014 T _getpid_r
0011d250 0000002c T __getreent
0011d27c 0000008c T __release_handle
0011d308 000000b0 T __alloc_handle
0011d3b8 0000003c T __get_handle
0011d3f4 000000f4 T _close_r
0011d4e8 00000008 t null_write
0011d4f0 00000018 T setDefaultDevice
0011d508 000000c8 T FindDevice
0011d5d0 00000028 T RemoveDevice
0011d5f8 0000009c T AddDevice
0011d694 00000020 T GetDeviceOpTab
0011d6b4 00000008 T _isatty_r
0011d6bc 00000014 T _kill_r
0011d6d0 00000084 T _lseek_r
0011d754 00000060 T mkdir
0011d7b4 000000bc T _open_r
0011d870 00000080 T _read_r
0011d8f0 00000078 W _sbrk_r
0011d968 00000070 T _stat_r
0011d9d8 0000001c T __libc_lock_acquire
0011d9f4 0000001c T __libc_lock_release
0011da10 0000001c T __libc_lock_acquire_recursive
0011da2c 0000001c T __libc_lock_release_recursive
0011da48 00000080 T _write_r
0011dac8 00000048 T strrchr
0011db10 T _fini
0011e9b4 r .LC2
0011ea94 00000080 r dotab_stdout
0011eb14 00000018 r grayScale
0011eb2c 00000006 r colorCube
0011eb34 00000030 r colorTable
0011eb64 00000008 r morton_y.2
0011eb6c 00000008 r morton_x.3
0011eb74 00000008 r s_sleepWakeEvents.4
0011eb7c R default_font_bin
0011f37c R default_font_bin_end
0011f37c 00000030 r error_table
0011f3ac 00000080 r archive_devoptab
0011f468 00000010 r zeroes.0
0011f478 00000010 r blanks.1
0011f488 00000010 r zeroes.0
0011f498 00000010 r blanks.1
0011f4a8 00000101 R _ctype_
0011f5ac 00000010 r zeroes.0
0011f5bc 00000010 r blanks.1
0011f5cc 0000006c R __action_table
0011f638 0000006c R __state_table
0011f6a4 00000100 R __chclass
0011f7a4 0000000c r p05.0
0011f7b0 00000028 R __mprec_bigtens
0011f7d8 000000c8 R __mprec_tens
0011f8a0 00000080 R dotab_stdnull
0011f920 R __tdata_align
0011f924 r __EH_FRAME_BEGIN__
0011f924 R __exidx_end
0011f924 R __exidx_start
00120000 00000001 d firstConsoleInit.0
00120004 00000004 D currentConsole
00120008 00000048 D defaultConsole
00120050 00000004 d aptChainloadDeliverArgSize
00120054 00000004 d kCount
00120058 00000004 d kInterval
0012005c 00000004 d kDelay
00120060 W __stacksize__
00120064 00000004 D __malloc_sbrk_base
00120068 00000004 D __malloc_trim_threshold
00120070 00000408 D __malloc_av_
00120478 0000000c D __sglue
00120484 0000016c D __global_locale
001205f0 00000004 D _impure_ptr
001205f8 00000120 D _impure_data
00120718 00000400 d _current_working_directory
00120b18 00001000 d handles
00121b18 0000000c d __stderr_handle
00121b24 0000000c d __stdout_handle
00121b30 0000000c d __stdin_handle
00121b3c 0000008c D devoptab_list
00121bc8 00000004 d defaultDevice
00121bd4 d _GLOBAL_OFFSET_TABLE_
00121be0 d __frame_dummy_init_array_entry
00121be0 D __init_array_start
00121be0 B __preinit_array_end
00121be0 B __preinit_array_start
00121be0 D __tdata_lma
00121be0 D __tdata_lma_end
00121be4 d __do_global_dtors_aux_fini_array_entry
00121be4 D __fini_array_start
00121be4 D __init_array_end
00121be8 D __bss_start__
00121be8 D __fini_array_end
00121be8 b completed.1
00121bec b object.0
00121c04 0000001c b escapeSeq
00121c20 00000048 B currentCopy
00121c68 00000004 b screenAlloc
00121c6c 00000004 b screenFree
00121c70 00000002 b gfxIsDoubleBuf
00121c74 00000002 b gfxCurBuf
00121c76 00000001 b gfxIsVram
00121c77 00000001 b gfxTopMode
00121c78 00000002 b gfxFramebufferFormats
00121c7c 00000004 b gfxBottomFramebufferMaxSize
00121c80 00000004 b gfxTopFramebufferMaxSize
00121c88 00000008 b gfxBottomFramebuffers
00121c90 00000008 b gfxTopFramebuffers
00121c98 00000004 b srvRefCount
00121c9c 00000004 b srvHandle
00121ca0 00000001 b flagValue.0
00121ca1 00000001 b flagInit.1
00121ca4 00000004 b serviceName.6
00121ca8 00000001 b aptChainloadFlags
00121ca9 00000001 b aptChainloadMediatype
00121cac 00000020 b aptChainloadHmac
00121ccc 00000300 b aptChainloadDeliverArg
00121fd0 00000008 b aptChainloadTid
00121fd8 00001000 b aptParameters
00122fd8 00000004 b aptFlags
00122fdc 00000001 b aptHomeButtonState
00122fe0 00000004 b aptMessageFuncData
00122fe4 00000004 b aptMessageFunc
00122fe8 0000000c b aptFirstHook
00122ff4 00000001 b aptEventHandlerThreadQuit
00122ff8 00000004 b aptEventHandlerThread
00122ffc 00000008 b aptSleepEvent
00123004 00000008 b aptReceiveEvent
0012300c 00000008 b aptEvents
00123014 00000004 b aptLockHandle
00123018 00000004 b aptRefCount
0012301c 00000004 b cfguRefCount
00123020 00000004 b cfguHandle
00123024 00000007 b gspEventCbOneShot
0012302c 0000001c b gspEventCbData
00123048 0000001c b gspEventCb
00123064 00000038 b gspEvents
0012309c 00000004 b gspLastEvent
001230a0 00000001 b gspRunEvents
001230a4 00000004 b gspEventThread
001230a8 00000004 b gspEvent
001230ac 00000001 b gspGpuRight
001230ad 00000001 b gspThreadId
001230b0 00000004 b gspSharedMem
001230b4 00000004 b gspSharedMemHandle
001230b8 00000004 b gspRefCount
001230bc 00000004 b gspGpuHandle
001230c0 00000001 b usingIrrst
001230c4 00000004 b hidRefCount
001230c8 00000006 b gRate
001230d0 00000006 b aVec
001230d8 00000004 b cPos
001230dc 00000004 b tPos
001230e0 00000004 b kRepeat
001230e4 00000004 b kUp
001230e8 00000004 b kDown
001230ec 00000004 b kHeld
001230f0 00000004 b kOld
001230f4 00000004 B hidSharedMem
001230f8 00000014 B hidEvents
0012310c 00000004 B hidMemHandle
00123110 00000004 B hidHandle
00123114 00000004 b irrstRefCount
00123118 00000004 b csPos
0012311c 00000004 b kHeld
00123120 00000004 B irrstSharedMem
00123124 00000004 B irrstEvent
00123128 00000004 B irrstMemHandle
0012312c 00000004 B irrstHandle
00123130 00000004 b srvPmHandle
00123134 00000004 B __system_retAddr
00123138 00000004 B __system_argv
0012313c 00000004 B __system_argc
00123140 b saved_stack
00123148 00000008 b sLinearPool
00123150 0000000c b sAddrMap
00123160 00000008 b sVramPoolB
00123168 00000008 b sVramPoolA
00123170 0000000c b sAddrMap
0012317c 00000004 B __3dslink_host
00123180 00000001 V __ctru_speedup
00123184 00000004 b arbiter
00123188 00000004 b currentAddr
0012318c 00000004 b maxAddr
00123190 00000004 b minAddr
00123194 00000004 b ptmSysmRefCount
00123198 00000004 b ptmSysmHandle
0012319c 00000004 B socMemhandle
001231a0 00000004 B SOCU_handle
001231a4 00000004 V __ctru_linear_heap_size
001231a8 00000004 V __ctru_heap_size
001231ac 00000004 B __ctru_linear_heap
001231b0 00000004 B __ctru_heap
001231b8 000005c0 b archive_devices
00123778 00000004 b archive_device_cwd
0012377c 00000001 b archive_initialized
00123780 00000080 b fsExemptArchives
00123800 00000004 b fsuRefCount
00123804 00000004 b fsuHandle
00123808 00000028 B __malloc_current_mallinfo
00123830 00000004 B __malloc_max_total_mem
00123834 00000004 B __malloc_max_sbrked_mem
00123838 00000004 B __malloc_top_pad
0012383c 0000000c b __malloc_recursive_mutex
00123848 0000000c b __sfp_recursive_mutex
00123858 00000168 B __sf
001239c0 00000004 B __stdio_exit_handler
001239c4 00000190 B __atexit0
00123b54 00000004 B __atexit
00123b58 0000000c B __atexit_recursive_mutex
00123b64 00000400 b temp_cwd
00123f64 00000004 b __hndl_lock
00123f68 00000004 B fake_heap_start
00123f6c 00000004 B fake_heap_end
00123f70 00000004 b heap_start.0
00123f74 B __tls_start
00124b7c B __bss_end__
00124b7c A __end__
00124b7c B __tls_end
